<?xml version="1.0" encoding="UTF-8"?>
<testsuite xmlns:xsi="http://www.w3.org/2001/XMLSchema-instance" xsi:noNamespaceSchemaLocation="https://maven.apache.org/surefire/maven-surefire-plugin/xsd/surefire-test-report.xsd" name="com.javasampleapproach.rabbitmq.SpringRabbitMqProducerApplicationTests" time="0.864" tests="1" errors="0" skipped="1" failures="0">
  <properties>
[...]
</properties>
  <testcase name="contextLoads" classname="com.javasampleapproach.rabbitmq.SpringRabbitMqProducerApplicationTests" time="0">
    <skipped/>
    <system-out><![CDATA[14:53:53.020 [main] DEBUG org.springframework.test.context.junit4.SpringJUnit4ClassRunner - SpringJUnit4ClassRunner constructor called with [class com.javasampleapproach.rabbitmq.SpringRabbitMqProducerApplicationTests]
14:53:53.020 [main] DEBUG org.springframework.test.context.BootstrapUtils - Instantiating CacheAwareContextLoaderDelegate from class [org.springframework.test.context.cache.DefaultCacheAwareContextLoaderDelegate]
14:53:53.036 [main] DEBUG org.springframework.test.context.BootstrapUtils - Instantiating BootstrapContext using constructor [public org.springframework.test.context.support.DefaultBootstrapContext(java.lang.Class,org.springframework.test.context.CacheAwareContextLoaderDelegate)]
14:53:53.067 [main] DEBUG org.springframework.test.context.BootstrapUtils - Instantiating TestContextBootstrapper for test class [com.javasampleapproach.rabbitmq.SpringRabbitMqProducerApplicationTests] from class [org.springframework.boot.test.context.SpringBootTestContextBootstrapper]
14:53:53.083 [main] INFO org.springframework.boot.test.context.SpringBootTestContextBootstrapper - Neither @ContextConfiguration nor @ContextHierarchy found for test class [com.javasampleapproach.rabbitmq.SpringRabbitMqProducerApplicationTests], using SpringBootContextLoader
14:53:53.087 [main] DEBUG org.springframework.test.context.support.AbstractContextLoader - Did not detect default resource location for test class [com.javasampleapproach.rabbitmq.SpringRabbitMqProducerApplicationTests]: class path resource [com/javasampleapproach/rabbitmq/SpringRabbitMqProducerApplicationTests-context.xml] does not exist
14:53:53.087 [main] DEBUG org.springframework.test.context.support.AbstractContextLoader - Did not detect default resource location for test class [com.javasampleapproach.rabbitmq.SpringRabbitMqProducerApplicationTests]: class path resource [com/javasampleapproach/rabbitmq/SpringRabbitMqProducerApplicationTestsContext.groovy] does not exist
14:53:53.087 [main] INFO org.springframework.test.context.support.AbstractContextLoader - Could not detect default resource locations for test class [com.javasampleapproach.rabbitmq.SpringRabbitMqProducerApplicationTests]: no resource found for suffixes {-context.xml, Context.groovy}.
14:53:53.091 [main] INFO org.springframework.test.context.support.AnnotationConfigContextLoaderUtils - Could not detect default configuration classes for test class [com.javasampleapproach.rabbitmq.SpringRabbitMqProducerApplicationTests]: SpringRabbitMqProducerApplicationTests does not declare any static, non-private, non-final, nested classes annotated with @Configuration.
14:53:53.135 [main] DEBUG org.springframework.test.context.support.ActiveProfilesUtils - Could not find an 'annotation declaring class' for annotation type [org.springframework.test.context.ActiveProfiles] and class [com.javasampleapproach.rabbitmq.SpringRabbitMqProducerApplicationTests]
14:53:53.135 [main] DEBUG org.springframework.core.env.StandardEnvironment - Adding PropertySource 'systemProperties' with lowest search precedence
14:53:53.150 [main] DEBUG org.springframework.core.env.StandardEnvironment - Adding PropertySource 'systemEnvironment' with lowest search precedence
14:53:53.150 [main] DEBUG org.springframework.core.env.StandardEnvironment - Initialized StandardEnvironment with PropertySources [MapPropertySource@733672688 {name='systemProperties', properties={idea.version=2017.3.4, java.runtime.name=Java(TM) SE Runtime Environment, sun.boot.library.path=C:\Program Files\Java\jdk1.8.0_131\jre\bin, java.vm.version=25.131-b11, user.country.format=PL, java.vm.vendor=Oracle Corporation, java.vendor.url=http://java.oracle.com/, path.separator=;, java.vm.name=Java HotSpot(TM) 64-Bit Server VM, file.encoding.pkg=sun.io, user.country=US, user.script=, sun.java.launcher=SUN_STANDARD, sun.os.patch.level=, java.vm.specification.name=Java Virtual Machine Specification, user.dir=C:\Users\JASZU1\Downloads\SpringRabbitMqProducer, java.runtime.version=1.8.0_131-b11, basedir=C:\Users\JASZU1\Downloads\SpringRabbitMqProducer, java.awt.graphicsenv=sun.awt.Win32GraphicsEnvironment, java.endorsed.dirs=C:\Program Files\Java\jdk1.8.0_131\jre\lib\endorsed, os.arch=amd64, surefire.real.class.path=C:\Users\JASZU1\AppData\Local\Temp\surefire8221385354472016689\surefirebooter8141058570694574689.jar, java.io.tmpdir=C:\Users\JASZU1\AppData\Local\Temp\, line.separator=
, java.vm.specification.vendor=Oracle Corporation, user.variant=, os.name=Windows 10, sun.jnu.encoding=Cp1250, java.library.path=C:\Program Files\Java\jdk1.8.0_131\jre\bin;C:\Windows\Sun\Java\bin;C:\Windows\system32;C:\Windows;C:\Program Files (x86)\Common Files\Oracle\Java\javapath;C:\ProgramData\Oracle\Java\javapath;C:\Windows\system32;C:\Windows;C:\Windows\System32\Wbem;C:\Windows\System32\WindowsPowerShell\v1.0\;C:\Windows\CCM;C:\Program Files\Git\cmd;C:\Windows\system32\config\systemprofile\.dnx\bin;C:\Program Files\Microsoft DNX\Dnvm\;C:\Program Files\Microsoft SQL Server\130\Tools\Binn\;C:\apache-maven-3.5.0\bin\;C:\Program Files\MySQL\MySQL Utilities 1.6\;C:\Program Files\Microsoft SQL Server\120\Tools\Binn\;C:\Program Files (x86)\Windows Kits\10\Windows Performance Toolkit\;C:\Program Files (x86)\Skype\Phone\;C:\Program Files\nodejs\;C:\Program Files\Java\jdk1.8.0_131\bin;C:\Program Files (x86)\Microsoft VS Code\bin;C:\Program Files (x86)\Microsoft VS Code\bin;C:\apache-maven-3.5.0\bin;C:\Users\JASZU1\AppData\Local\Programs\Fiddler;C:\Users\JASZU1\AppData\Roaming\npm;., surefire.test.class.path=C:\Users\JASZU1\Downloads\SpringRabbitMqProducer\target\test-classes;C:\Users\JASZU1\Downloads\SpringRabbitMqProducer\target\classes;C:\Users\JASZU1\.m2\repository\org\springframework\boot\spring-boot-starter\2.0.3.RELEASE\spring-boot-starter-2.0.3.RELEASE.jar;C:\Users\JASZU1\.m2\repository\org\springframework\boot\spring-boot\2.0.3.RELEASE\spring-boot-2.0.3.RELEASE.jar;C:\Users\JASZU1\.m2\repository\org\springframework\spring-context\5.0.7.RELEASE\spring-context-5.0.7.RELEASE.jar;C:\Users\JASZU1\.m2\repository\org\springframework\boot\spring-boot-autoconfigure\2.0.3.RELEASE\spring-boot-autoconfigure-2.0.3.RELEASE.jar;C:\Users\JASZU1\.m2\repository\org\springframework\boot\spring-boot-starter-logging\2.0.3.RELEASE\spring-boot-starter-logging-2.0.3.RELEASE.jar;C:\Users\JASZU1\.m2\repository\ch\qos\logback\logback-classic\1.2.3\logback-classic-1.2.3.jar;C:\Users\JASZU1\.m2\repository\ch\qos\logback\logback-core\1.2.3\logback-core-1.2.3.jar;C:\Users\JASZU1\.m2\repository\org\apache\logging\log4j\log4j-to-slf4j\2.10.0\log4j-to-slf4j-2.10.0.jar;C:\Users\JASZU1\.m2\repository\org\apache\logging\log4j\log4j-api\2.10.0\log4j-api-2.10.0.jar;C:\Users\JASZU1\.m2\repository\org\slf4j\jul-to-slf4j\1.7.25\jul-to-slf4j-1.7.25.jar;C:\Users\JASZU1\.m2\repository\javax\annotation\javax.annotation-api\1.3.2\javax.annotation-api-1.3.2.jar;C:\Users\JASZU1\.m2\repository\org\springframework\spring-core\5.0.7.RELEASE\spring-core-5.0.7.RELEASE.jar;C:\Users\JASZU1\.m2\repository\org\springframework\spring-jcl\5.0.7.RELEASE\spring-jcl-5.0.7.RELEASE.jar;C:\Users\JASZU1\.m2\repository\org\yaml\snakeyaml\1.19\snakeyaml-1.19.jar;C:\Users\JASZU1\.m2\repository\org\springframework\boot\spring-boot-starter-amqp\2.0.3.RELEASE\spring-boot-starter-amqp-2.0.3.RELEASE.jar;C:\Users\JASZU1\.m2\repository\org\springframework\spring-messaging\5.0.7.RELEASE\spring-messaging-5.0.7.RELEASE.jar;C:\Users\JASZU1\.m2\repository\org\springframework\spring-beans\5.0.7.RELEASE\spring-beans-5.0.7.RELEASE.jar;C:\Users\JASZU1\.m2\repository\org\springframework\amqp\spring-rabbit\2.0.4.RELEASE\spring-rabbit-2.0.4.RELEASE.jar;C:\Users\JASZU1\.m2\repository\org\springframework\amqp\spring-amqp\2.0.4.RELEASE\spring-amqp-2.0.4.RELEASE.jar;C:\Users\JASZU1\.m2\repository\com\rabbitmq\amqp-client\5.1.2\amqp-client-5.1.2.jar;C:\Users\JASZU1\.m2\repository\org\springframework\spring-tx\5.0.7.RELEASE\spring-tx-5.0.7.RELEASE.jar;C:\Users\JASZU1\.m2\repository\org\springframework\retry\spring-retry\1.2.2.RELEASE\spring-retry-1.2.2.RELEASE.jar;C:\Users\JASZU1\.m2\repository\org\json\json\20160212\json-20160212.jar;C:\Users\JASZU1\.m2\repository\org\projectlombok\lombok\1.16.16\lombok-1.16.16.jar;C:\Users\JASZU1\.m2\repository\com\jayway\jsonpath\json-path\2.4.0\json-path-2.4.0.jar;C:\Users\JASZU1\.m2\repository\net\minidev\json-smart\2.3\json-smart-2.3.jar;C:\Users\JASZU1\.m2\repository\net\minidev\accessors-smart\1.2\accessors-smart-1.2.jar;C:\Users\JASZU1\.m2\repository\org\ow2\asm\asm\5.0.4\asm-5.0.4.jar;C:\Users\JASZU1\.m2\repository\org\slf4j\slf4j-api\1.7.25\slf4j-api-1.7.25.jar;C:\Users\JASZU1\.m2\repository\org\springframework\boot\spring-boot-starter-test\2.0.3.RELEASE\spring-boot-starter-test-2.0.3.RELEASE.jar;C:\Users\JASZU1\.m2\repository\org\springframework\boot\spring-boot-test\2.0.3.RELEASE\spring-boot-test-2.0.3.RELEASE.jar;C:\Users\JASZU1\.m2\repository\org\springframework\boot\spring-boot-test-autoconfigure\2.0.3.RELEASE\spring-boot-test-autoconfigure-2.0.3.RELEASE.jar;C:\Users\JASZU1\.m2\repository\junit\junit\4.12\junit-4.12.jar;C:\Users\JASZU1\.m2\repository\org\assertj\assertj-core\3.9.1\assertj-core-3.9.1.jar;C:\Users\JASZU1\.m2\repository\org\mockito\mockito-core\2.15.0\mockito-core-2.15.0.jar;C:\Users\JASZU1\.m2\repository\net\bytebuddy\byte-buddy\1.7.11\byte-buddy-1.7.11.jar;C:\Users\JASZU1\.m2\repository\net\bytebuddy\byte-buddy-agent\1.7.11\byte-buddy-agent-1.7.11.jar;C:\Users\JASZU1\.m2\repository\org\objenesis\objenesis\2.6\objenesis-2.6.jar;C:\Users\JASZU1\.m2\repository\org\hamcrest\hamcrest-core\1.3\hamcrest-core-1.3.jar;C:\Users\JASZU1\.m2\repository\org\hamcrest\hamcrest-library\1.3\hamcrest-library-1.3.jar;C:\Users\JASZU1\.m2\repository\org\skyscreamer\jsonassert\1.5.0\jsonassert-1.5.0.jar;C:\Users\JASZU1\.m2\repository\com\vaadin\external\google\android-json\0.0.20131108.vaadin1\android-json-0.0.20131108.vaadin1.jar;C:\Users\JASZU1\.m2\repository\org\springframework\spring-test\5.0.7.RELEASE\spring-test-5.0.7.RELEASE.jar;C:\Users\JASZU1\.m2\repository\org\xmlunit\xmlunit-core\2.5.1\xmlunit-core-2.5.1.jar;C:\Users\JASZU1\.m2\repository\org\springframework\boot\spring-boot-starter-web\2.0.3.RELEASE\spring-boot-starter-web-2.0.3.RELEASE.jar;C:\Users\JASZU1\.m2\repository\org\springframework\boot\spring-boot-starter-json\2.0.3.RELEASE\spring-boot-starter-json-2.0.3.RELEASE.jar;C:\Users\JASZU1\.m2\repository\com\fasterxml\jackson\core\jackson-databind\2.9.6\jackson-databind-2.9.6.jar;C:\Users\JASZU1\.m2\repository\com\fasterxml\jackson\core\jackson-annotations\2.9.0\jackson-annotations-2.9.0.jar;C:\Users\JASZU1\.m2\repository\com\fasterxml\jackson\core\jackson-core\2.9.6\jackson-core-2.9.6.jar;C:\Users\JASZU1\.m2\repository\com\fasterxml\jackson\datatype\jackson-datatype-jdk8\2.9.6\jackson-datatype-jdk8-2.9.6.jar;C:\Users\JASZU1\.m2\repository\com\fasterxml\jackson\datatype\jackson-datatype-jsr310\2.9.6\jackson-datatype-jsr310-2.9.6.jar;C:\Users\JASZU1\.m2\repository\com\fasterxml\jackson\module\jackson-module-parameter-names\2.9.6\jackson-module-parameter-names-2.9.6.jar;C:\Users\JASZU1\.m2\repository\org\springframework\boot\spring-boot-starter-tomcat\2.0.3.RELEASE\spring-boot-starter-tomcat-2.0.3.RELEASE.jar;C:\Users\JASZU1\.m2\repository\org\apache\tomcat\embed\tomcat-embed-core\8.5.31\tomcat-embed-core-8.5.31.jar;C:\Users\JASZU1\.m2\repository\org\apache\tomcat\embed\tomcat-embed-el\8.5.31\tomcat-embed-el-8.5.31.jar;C:\Users\JASZU1\.m2\repository\org\apache\tomcat\embed\tomcat-embed-websocket\8.5.31\tomcat-embed-websocket-8.5.31.jar;C:\Users\JASZU1\.m2\repository\org\hibernate\validator\hibernate-validator\6.0.10.Final\hibernate-validator-6.0.10.Final.jar;C:\Users\JASZU1\.m2\repository\javax\validation\validation-api\2.0.1.Final\validation-api-2.0.1.Final.jar;C:\Users\JASZU1\.m2\repository\org\jboss\logging\jboss-logging\3.3.2.Final\jboss-logging-3.3.2.Final.jar;C:\Users\JASZU1\.m2\repository\com\fasterxml\classmate\1.3.4\classmate-1.3.4.jar;C:\Users\JASZU1\.m2\repository\org\springframework\spring-web\5.0.7.RELEASE\spring-web-5.0.7.RELEASE.jar;C:\Users\JASZU1\.m2\repository\org\springframework\spring-webmvc\5.0.7.RELEASE\spring-webmvc-5.0.7.RELEASE.jar;C:\Users\JASZU1\.m2\repository\org\springframework\spring-aop\5.0.7.RELEASE\spring-aop-5.0.7.RELEASE.jar;C:\Users\JASZU1\.m2\repository\org\springframework\spring-expression\5.0.7.RELEASE\spring-expression-5.0.7.RELEASE.jar;, java.specification.name=Java Platform API Specification, java.class.version=52.0, sun.management.compiler=HotSpot 64-Bit Tiered Compilers, os.version=10.0, user.home=C:\Users\JASZU1, user.timezone=Europe/Belgrade, java.awt.printerjob=sun.awt.windows.WPrinterJob, file.encoding=Cp1250, java.specification.version=1.8, java.class.path=C:\Users\JASZU1\Downloads\SpringRabbitMqProducer\target\test-classes;C:\Users\JASZU1\Downloads\SpringRabbitMqProducer\target\classes;C:\Users\JASZU1\.m2\repository\org\springframework\boot\spring-boot-starter\2.0.3.RELEASE\spring-boot-starter-2.0.3.RELEASE.jar;C:\Users\JASZU1\.m2\repository\org\springframework\boot\spring-boot\2.0.3.RELEASE\spring-boot-2.0.3.RELEASE.jar;C:\Users\JASZU1\.m2\repository\org\springframework\spring-context\5.0.7.RELEASE\spring-context-5.0.7.RELEASE.jar;C:\Users\JASZU1\.m2\repository\org\springframework\boot\spring-boot-autoconfigure\2.0.3.RELEASE\spring-boot-autoconfigure-2.0.3.RELEASE.jar;C:\Users\JASZU1\.m2\repository\org\springframework\boot\spring-boot-starter-logging\2.0.3.RELEASE\spring-boot-starter-logging-2.0.3.RELEASE.jar;C:\Users\JASZU1\.m2\repository\ch\qos\logback\logback-classic\1.2.3\logback-classic-1.2.3.jar;C:\Users\JASZU1\.m2\repository\ch\qos\logback\logback-core\1.2.3\logback-core-1.2.3.jar;C:\Users\JASZU1\.m2\repository\org\apache\logging\log4j\log4j-to-slf4j\2.10.0\log4j-to-slf4j-2.10.0.jar;C:\Users\JASZU1\.m2\repository\org\apache\logging\log4j\log4j-api\2.10.0\log4j-api-2.10.0.jar;C:\Users\JASZU1\.m2\repository\org\slf4j\jul-to-slf4j\1.7.25\jul-to-slf4j-1.7.25.jar;C:\Users\JASZU1\.m2\repository\javax\annotation\javax.annotation-api\1.3.2\javax.annotation-api-1.3.2.jar;C:\Users\JASZU1\.m2\repository\org\springframework\spring-core\5.0.7.RELEASE\spring-core-5.0.7.RELEASE.jar;C:\Users\JASZU1\.m2\repository\org\springframework\spring-jcl\5.0.7.RELEASE\spring-jcl-5.0.7.RELEASE.jar;C:\Users\JASZU1\.m2\repository\org\yaml\snakeyaml\1.19\snakeyaml-1.19.jar;C:\Users\JASZU1\.m2\repository\org\springframework\boot\spring-boot-starter-amqp\2.0.3.RELEASE\spring-boot-starter-amqp-2.0.3.RELEASE.jar;C:\Users\JASZU1\.m2\repository\org\springframework\spring-messaging\5.0.7.RELEASE\spring-messaging-5.0.7.RELEASE.jar;C:\Users\JASZU1\.m2\repository\org\springframework\spring-beans\5.0.7.RELEASE\spring-beans-5.0.7.RELEASE.jar;C:\Users\JASZU1\.m2\repository\org\springframework\amqp\spring-rabbit\2.0.4.RELEASE\spring-rabbit-2.0.4.RELEASE.jar;C:\Users\JASZU1\.m2\repository\org\springframework\amqp\spring-amqp\2.0.4.RELEASE\spring-amqp-2.0.4.RELEASE.jar;C:\Users\JASZU1\.m2\repository\com\rabbitmq\amqp-client\5.1.2\amqp-client-5.1.2.jar;C:\Users\JASZU1\.m2\repository\org\springframework\spring-tx\5.0.7.RELEASE\spring-tx-5.0.7.RELEASE.jar;C:\Users\JASZU1\.m2\repository\org\springframework\retry\spring-retry\1.2.2.RELEASE\spring-retry-1.2.2.RELEASE.jar;C:\Users\JASZU1\.m2\repository\org\json\json\20160212\json-20160212.jar;C:\Users\JASZU1\.m2\repository\org\projectlombok\lombok\1.16.16\lombok-1.16.16.jar;C:\Users\JASZU1\.m2\repository\com\jayway\jsonpath\json-path\2.4.0\json-path-2.4.0.jar;C:\Users\JASZU1\.m2\repository\net\minidev\json-smart\2.3\json-smart-2.3.jar;C:\Users\JASZU1\.m2\repository\net\minidev\accessors-smart\1.2\accessors-smart-1.2.jar;C:\Users\JASZU1\.m2\repository\org\ow2\asm\asm\5.0.4\asm-5.0.4.jar;C:\Users\JASZU1\.m2\repository\org\slf4j\slf4j-api\1.7.25\slf4j-api-1.7.25.jar;C:\Users\JASZU1\.m2\repository\org\springframework\boot\spring-boot-starter-test\2.0.3.RELEASE\spring-boot-starter-test-2.0.3.RELEASE.jar;C:\Users\JASZU1\.m2\repository\org\springframework\boot\spring-boot-test\2.0.3.RELEASE\spring-boot-test-2.0.3.RELEASE.jar;C:\Users\JASZU1\.m2\repository\org\springframework\boot\spring-boot-test-autoconfigure\2.0.3.RELEASE\spring-boot-test-autoconfigure-2.0.3.RELEASE.jar;C:\Users\JASZU1\.m2\repository\junit\junit\4.12\junit-4.12.jar;C:\Users\JASZU1\.m2\repository\org\assertj\assertj-core\3.9.1\assertj-core-3.9.1.jar;C:\Users\JASZU1\.m2\repository\org\mockito\mockito-core\2.15.0\mockito-core-2.15.0.jar;C:\Users\JASZU1\.m2\repository\net\bytebuddy\byte-buddy\1.7.11\byte-buddy-1.7.11.jar;C:\Users\JASZU1\.m2\repository\net\bytebuddy\byte-buddy-agent\1.7.11\byte-buddy-agent-1.7.11.jar;C:\Users\JASZU1\.m2\repository\org\objenesis\objenesis\2.6\objenesis-2.6.jar;C:\Users\JASZU1\.m2\repository\org\hamcrest\hamcrest-core\1.3\hamcrest-core-1.3.jar;C:\Users\JASZU1\.m2\repository\org\hamcrest\hamcrest-library\1.3\hamcrest-library-1.3.jar;C:\Users\JASZU1\.m2\repository\org\skyscreamer\jsonassert\1.5.0\jsonassert-1.5.0.jar;C:\Users\JASZU1\.m2\repository\com\vaadin\external\google\android-json\0.0.20131108.vaadin1\android-json-0.0.20131108.vaadin1.jar;C:\Users\JASZU1\.m2\repository\org\springframework\spring-test\5.0.7.RELEASE\spring-test-5.0.7.RELEASE.jar;C:\Users\JASZU1\.m2\repository\org\xmlunit\xmlunit-core\2.5.1\xmlunit-core-2.5.1.jar;C:\Users\JASZU1\.m2\repository\org\springframework\boot\spring-boot-starter-web\2.0.3.RELEASE\spring-boot-starter-web-2.0.3.RELEASE.jar;C:\Users\JASZU1\.m2\repository\org\springframework\boot\spring-boot-starter-json\2.0.3.RELEASE\spring-boot-starter-json-2.0.3.RELEASE.jar;C:\Users\JASZU1\.m2\repository\com\fasterxml\jackson\core\jackson-databind\2.9.6\jackson-databind-2.9.6.jar;C:\Users\JASZU1\.m2\repository\com\fasterxml\jackson\core\jackson-annotations\2.9.0\jackson-annotations-2.9.0.jar;C:\Users\JASZU1\.m2\repository\com\fasterxml\jackson\core\jackson-core\2.9.6\jackson-core-2.9.6.jar;C:\Users\JASZU1\.m2\repository\com\fasterxml\jackson\datatype\jackson-datatype-jdk8\2.9.6\jackson-datatype-jdk8-2.9.6.jar;C:\Users\JASZU1\.m2\repository\com\fasterxml\jackson\datatype\jackson-datatype-jsr310\2.9.6\jackson-datatype-jsr310-2.9.6.jar;C:\Users\JASZU1\.m2\repository\com\fasterxml\jackson\module\jackson-module-parameter-names\2.9.6\jackson-module-parameter-names-2.9.6.jar;C:\Users\JASZU1\.m2\repository\org\springframework\boot\spring-boot-starter-tomcat\2.0.3.RELEASE\spring-boot-starter-tomcat-2.0.3.RELEASE.jar;C:\Users\JASZU1\.m2\repository\org\apache\tomcat\embed\tomcat-embed-core\8.5.31\tomcat-embed-core-8.5.31.jar;C:\Users\JASZU1\.m2\repository\org\apache\tomcat\embed\tomcat-embed-el\8.5.31\tomcat-embed-el-8.5.31.jar;C:\Users\JASZU1\.m2\repository\org\apache\tomcat\embed\tomcat-embed-websocket\8.5.31\tomcat-embed-websocket-8.5.31.jar;C:\Users\JASZU1\.m2\repository\org\hibernate\validator\hibernate-validator\6.0.10.Final\hibernate-validator-6.0.10.Final.jar;C:\Users\JASZU1\.m2\repository\javax\validation\validation-api\2.0.1.Final\validation-api-2.0.1.Final.jar;C:\Users\JASZU1\.m2\repository\org\jboss\logging\jboss-logging\3.3.2.Final\jboss-logging-3.3.2.Final.jar;C:\Users\JASZU1\.m2\repository\com\fasterxml\classmate\1.3.4\classmate-1.3.4.jar;C:\Users\JASZU1\.m2\repository\org\springframework\spring-web\5.0.7.RELEASE\spring-web-5.0.7.RELEASE.jar;C:\Users\JASZU1\.m2\repository\org\springframework\spring-webmvc\5.0.7.RELEASE\spring-webmvc-5.0.7.RELEASE.jar;C:\Users\JASZU1\.m2\repository\org\springframework\spring-aop\5.0.7.RELEASE\spring-aop-5.0.7.RELEASE.jar;C:\Users\JASZU1\.m2\repository\org\springframework\spring-expression\5.0.7.RELEASE\spring-expression-5.0.7.RELEASE.jar;, user.name=jaszu1, java.vm.specification.version=1.8, sun.java.command=C:\Users\JASZU1\AppData\Local\Temp\surefire8221385354472016689\surefirebooter8141058570694574689.jar C:\Users\JASZU1\AppData\Local\Temp\surefire8221385354472016689 2018-08-02T14-53-51_566-jvmRun1 surefire1637714910737923262tmp surefire_07722307589867985653tmp, java.home=C:\Program Files\Java\jdk1.8.0_131\jre, sun.arch.data.model=64, user.language=en, java.specification.vendor=Oracle Corporation, user.language.format=pl, awt.toolkit=sun.awt.windows.WToolkit, java.vm.info=mixed mode, java.version=1.8.0_131, java.ext.dirs=C:\Program Files\Java\jdk1.8.0_131\jre\lib\ext;C:\Windows\Sun\Java\lib\ext, sun.boot.class.path=C:\Program Files\Java\jdk1.8.0_131\jre\lib\resources.jar;C:\Program Files\Java\jdk1.8.0_131\jre\lib\rt.jar;C:\Program Files\Java\jdk1.8.0_131\jre\lib\sunrsasign.jar;C:\Program Files\Java\jdk1.8.0_131\jre\lib\jsse.jar;C:\Program Files\Java\jdk1.8.0_131\jre\lib\jce.jar;C:\Program Files\Java\jdk1.8.0_131\jre\lib\charsets.jar;C:\Program Files\Java\jdk1.8.0_131\jre\lib\jfr.jar;C:\Program Files\Java\jdk1.8.0_131\jre\classes, java.vendor=Oracle Corporation, localRepository=C:\Users\JASZU1\.m2\repository, file.separator=\, java.vendor.url.bug=http://bugreport.sun.com/bugreport/, sun.io.unicode.encoding=UnicodeLittle, sun.cpu.endian=little, sun.desktop=windows, sun.cpu.isalist=amd64}}, SystemEnvironmentPropertySource@297927961 {name='systemEnvironment', properties={PATH=C:\Program Files (x86)\Common Files\Oracle\Java\javapath;C:\ProgramData\Oracle\Java\javapath;C:\Windows\system32;C:\Windows;C:\Windows\System32\Wbem;C:\Windows\System32\WindowsPowerShell\v1.0\;C:\Windows\CCM;C:\Program Files\Git\cmd;C:\Windows\system32\config\systemprofile\.dnx\bin;C:\Program Files\Microsoft DNX\Dnvm\;C:\Program Files\Microsoft SQL Server\130\Tools\Binn\;C:\apache-maven-3.5.0\bin\;C:\Program Files\MySQL\MySQL Utilities 1.6\;C:\Program Files\Microsoft SQL Server\120\Tools\Binn\;C:\Program Files (x86)\Windows Kits\10\Windows Performance Toolkit\;C:\Program Files (x86)\Skype\Phone\;C:\Program Files\nodejs\;C:\Program Files\Java\jdk1.8.0_131\bin;C:\Program Files (x86)\Microsoft VS Code\bin;C:\Program Files (x86)\Microsoft VS Code\bin;C:\apache-maven-3.5.0\bin;C:\Users\JASZU1\AppData\Local\Programs\Fiddler;C:\Users\JASZU1\AppData\Roaming\npm, USERDOMAIN_ROAMINGPROFILE=CYBERDOM2, PROCESSOR_LEVEL=6, SYSTEMDRIVE=C:, VS140COMNTOOLS=C:\Program Files (x86)\Microsoft Visual Studio 14.0\Common7\Tools\, SESSIONNAME=Console, ALLUSERSPROFILE=C:\ProgramData, PROCESSOR_ARCHITECTURE=AMD64, WEBDRIVER.CHROME.DRIVER=C:\WebDrivers\chromedriver.exe, PROGRAMFILES=C:\Program Files, PSMODULEPATH=C:\Program Files\WindowsPowerShell\Modules;C:\Windows\system32\WindowsPowerShell\v1.0\Modules, PROGRAMDATA=C:\ProgramData, USERNAME=jaszu1, USERDNSDOMAIN=GLOBAL.AD, FPS_BROWSER_USER_PROFILE_STRING=Default, ONEDRIVE=C:\Users\JASZU1\OneDrive, PATHEXT=.COM;.EXE;.BAT;.CMD;.VBS;.VBE;.JS;.JSE;.WSF;.WSH;.MSC, WINDIR=C:\Windows, HOMEPATH=\Users\JASZU1, PROCESSOR_IDENTIFIER=Intel64 Family 6 Model 78 Stepping 3, GenuineIntel, PUBLIC=C:\Users\Public, =::=::\, LOCALAPPDATA=C:\Users\JASZU1\AppData\Local, COMMONPROGRAMFILES(X86)=C:\Program Files (x86)\Common Files, USERDOMAIN=CYBERDOM2, FPS_BROWSER_APP_PROFILE_STRING=Internet Explorer, LOGONSERVER=\\LCJDC1, JAVA_HOME=C:\Program Files\Java\jdk1.8.0_131, PROMPT=$P$G, PROGRAMFILES(X86)=C:\Program Files (x86), ERLANG_HOME=C:\Program Files\erl10.0.1, =C:=C:\Users\JASZU1\Downloads\SpringRabbitMqProducer, APPDATA=C:\Users\JASZU1\AppData\Roaming, PROGRAMW6432=C:\Program Files, SYSTEMROOT=C:\Windows, SNOW_INVENTORY_HOME=C:\Program Files\INVENTORYCLIENT\, VBOX_MSI_INSTALL_PATH=C:\Program Files\Oracle\VirtualBox\, OS=Windows_NT, COMMONPROGRAMW6432=C:\Program Files\Common Files, COMPUTERNAME=BZG-5CG64951J7, COMMONPROGRAMFILES=C:\Program Files\Common Files, COMSPEC=C:\Windows\system32\cmd.exe, PROCESSOR_REVISION=4e03, UATDATA=C:\Windows\CCM\UATData\D9F8C395-CAB8-491d-B8AC-179A1FE1BE77, TEMP=C:\Users\JASZU1\AppData\Local\Temp, HOMEDRIVE=C:, USERPROFILE=C:\Users\JASZU1, TMP=C:\Users\JASZU1\AppData\Local\Temp, DISPLAYLINKCONFIGROOT=C:\Program Files\DisplayLink Core Software\8.0.778.0\, NUMBER_OF_PROCESSORS=4}}]
14:53:53.166 [main] DEBUG org.springframework.core.io.support.PathMatchingResourcePatternResolver - Resolved classpath location [com/javasampleapproach/rabbitmq/] to resources [URL [file:/C:/Users/JASZU1/Downloads/SpringRabbitMqProducer/target/test-classes/com/javasampleapproach/rabbitmq/], URL [file:/C:/Users/JASZU1/Downloads/SpringRabbitMqProducer/target/classes/com/javasampleapproach/rabbitmq/]]
14:53:53.182 [main] DEBUG org.springframework.core.io.support.PathMatchingResourcePatternResolver - Looking for matching resources in directory tree [C:\Users\JASZU1\Downloads\SpringRabbitMqProducer\target\test-classes\com\javasampleapproach\rabbitmq]
14:53:53.182 [main] DEBUG org.springframework.core.io.support.PathMatchingResourcePatternResolver - Searching directory [C:\Users\JASZU1\Downloads\SpringRabbitMqProducer\target\test-classes\com\javasampleapproach\rabbitmq] for files matching pattern [C:/Users/JASZU1/Downloads/SpringRabbitMqProducer/target/test-classes/com/javasampleapproach/rabbitmq/*.class]
14:53:53.182 [main] DEBUG org.springframework.core.io.support.PathMatchingResourcePatternResolver - Looking for matching resources in directory tree [C:\Users\JASZU1\Downloads\SpringRabbitMqProducer\target\classes\com\javasampleapproach\rabbitmq]
14:53:53.182 [main] DEBUG org.springframework.core.io.support.PathMatchingResourcePatternResolver - Searching directory [C:\Users\JASZU1\Downloads\SpringRabbitMqProducer\target\classes\com\javasampleapproach\rabbitmq] for files matching pattern [C:/Users/JASZU1/Downloads/SpringRabbitMqProducer/target/classes/com/javasampleapproach/rabbitmq/*.class]
14:53:53.182 [main] DEBUG org.springframework.core.io.support.PathMatchingResourcePatternResolver - Resolved location pattern [classpath*:com/javasampleapproach/rabbitmq/*.class] to resources [file [C:\Users\JASZU1\Downloads\SpringRabbitMqProducer\target\test-classes\com\javasampleapproach\rabbitmq\SpringRabbitMqProducerApplicationTests.class], file [C:\Users\JASZU1\Downloads\SpringRabbitMqProducer\target\classes\com\javasampleapproach\rabbitmq\SpringRabbitMqProducerApplication.class]]
14:53:53.290 [main] DEBUG org.springframework.context.annotation.ClassPathScanningCandidateComponentProvider - Identified candidate component class: file [C:\Users\JASZU1\Downloads\SpringRabbitMqProducer\target\classes\com\javasampleapproach\rabbitmq\SpringRabbitMqProducerApplication.class]
14:53:53.290 [main] INFO org.springframework.boot.test.context.SpringBootTestContextBootstrapper - Found @SpringBootConfiguration com.javasampleapproach.rabbitmq.SpringRabbitMqProducerApplication for test class com.javasampleapproach.rabbitmq.SpringRabbitMqProducerApplicationTests
14:53:53.447 [main] DEBUG org.springframework.boot.test.context.SpringBootTestContextBootstrapper - @TestExecutionListeners is not present for class [com.javasampleapproach.rabbitmq.SpringRabbitMqProducerApplicationTests]: using defaults.
14:53:53.447 [main] INFO org.springframework.boot.test.context.SpringBootTestContextBootstrapper - Loaded default TestExecutionListener class names from location [META-INF/spring.factories]: [org.springframework.boot.test.mock.mockito.MockitoTestExecutionListener, org.springframework.boot.test.mock.mockito.ResetMocksTestExecutionListener, org.springframework.boot.test.autoconfigure.restdocs.RestDocsTestExecutionListener, org.springframework.boot.test.autoconfigure.web.client.MockRestServiceServerResetTestExecutionListener, org.springframework.boot.test.autoconfigure.web.servlet.MockMvcPrintOnlyOnFailureTestExecutionListener, org.springframework.boot.test.autoconfigure.web.servlet.WebDriverTestExecutionListener, org.springframework.test.context.web.ServletTestExecutionListener, org.springframework.test.context.support.DirtiesContextBeforeModesTestExecutionListener, org.springframework.test.context.support.DependencyInjectionTestExecutionListener, org.springframework.test.context.support.DirtiesContextTestExecutionListener, org.springframework.test.context.transaction.TransactionalTestExecutionListener, org.springframework.test.context.jdbc.SqlScriptsTestExecutionListener]
14:53:53.478 [main] INFO org.springframework.boot.test.context.SpringBootTestContextBootstrapper - Using TestExecutionListeners: [org.springframework.test.context.web.ServletTestExecutionListener@7c6908d7, org.springframework.test.context.support.DirtiesContextBeforeModesTestExecutionListener@3c9754d8, org.springframework.boot.test.mock.mockito.MockitoTestExecutionListener@3bf7ca37, org.springframework.boot.test.autoconfigure.SpringBootDependencyInjectionTestExecutionListener@79079097, org.springframework.test.context.support.DirtiesContextTestExecutionListener@4d1c00d0, org.springframework.test.context.transaction.TransactionalTestExecutionListener@4b2bac3f, org.springframework.test.context.jdbc.SqlScriptsTestExecutionListener@4e08711f, org.springframework.boot.test.mock.mockito.ResetMocksTestExecutionListener@bcec361, org.springframework.boot.test.autoconfigure.restdocs.RestDocsTestExecutionListener@26794848, org.springframework.boot.test.autoconfigure.web.client.MockRestServiceServerResetTestExecutionListener@302552ec, org.springframework.boot.test.autoconfigure.web.servlet.MockMvcPrintOnlyOnFailureTestExecutionListener@3d285d7e, org.springframework.boot.test.autoconfigure.web.servlet.WebDriverTestExecutionListener@40005471]
14:53:53.478 [main] DEBUG org.springframework.test.annotation.ProfileValueUtils - Retrieved @ProfileValueSourceConfiguration [null] for test class [com.javasampleapproach.rabbitmq.SpringRabbitMqProducerApplicationTests]
14:53:53.478 [main] DEBUG org.springframework.test.annotation.ProfileValueUtils - Retrieved ProfileValueSource type [class org.springframework.test.annotation.SystemProfileValueSource] for class [com.javasampleapproach.rabbitmq.SpringRabbitMqProducerApplicationTests]
14:53:53.494 [main] DEBUG org.springframework.test.annotation.ProfileValueUtils - Retrieved @ProfileValueSourceConfiguration [null] for test class [com.javasampleapproach.rabbitmq.SpringRabbitMqProducerApplicationTests]
14:53:53.494 [main] DEBUG org.springframework.test.annotation.ProfileValueUtils - Retrieved ProfileValueSource type [class org.springframework.test.annotation.SystemProfileValueSource] for class [com.javasampleapproach.rabbitmq.SpringRabbitMqProducerApplicationTests]
14:53:53.494 [main] DEBUG org.springframework.test.annotation.ProfileValueUtils - Retrieved @ProfileValueSourceConfiguration [null] for test class [com.javasampleapproach.rabbitmq.SpringRabbitMqProducerApplicationTests]
14:53:53.494 [main] DEBUG org.springframework.test.annotation.ProfileValueUtils - Retrieved ProfileValueSource type [class org.springframework.test.annotation.SystemProfileValueSource] for class [com.javasampleapproach.rabbitmq.SpringRabbitMqProducerApplicationTests]
]]></system-out>
  </testcase>
</testsuite>